<?xml version="1.0" encoding="UTF-8"?>
<!-- Generated by org.testng.reporters.JUnitReportReporter -->
<testsuite hostname="DESKTOP-M096LDG" name="Giftcard.Baby" tests="1" failures="0" timestamp="5 Dec 2019 04:50:06 GMT" time="38.986" errors="0">
  <testcase name="Initialization" time="38.986" classname="Giftcard.Baby"/>
</testsuite> <!-- Giftcard.Baby -->
