<?xml version="1.0" encoding="UTF-8"?>
<!-- Generated by org.testng.reporters.JUnitReportReporter -->
<testsuite hostname="DESKTOP-M096LDG" name="Assignment2.Assign2" tests="1" failures="0" timestamp="21 Jan 2020 12:27:40 GMT" time="15.784" errors="0">
  <testcase name="initializingbrowser" time="15.784" classname="Assignment2.Assign2"/>
</testsuite> <!-- Assignment2.Assign2 -->
