<?xml version="1.0" encoding="UTF-8"?>
<!-- Generated by org.testng.reporters.JUnitReportReporter -->
<testsuite hostname="DESKTOP-M096LDG" name="Test.BaseTest" tests="1" failures="0" timestamp="21 Jan 2020 10:17:58 GMT" time="23.787" errors="0">
  <testcase name="Initialization" time="23.787" classname="Test.BaseTest"/>
</testsuite> <!-- Test.BaseTest -->
